2016/06/25 04:42:42 [error] [exception.CHttpException.404] exception 'CHttpException' with message 'Unable to resolve the request "gii\".' in /var/www/html/zesa/framework/web/CWebApplication.php:286
Stack trace:
#0 /var/www/html/zesa/framework/web/CWebApplication.php(141): CWebApplication->runController('gii\\')
#1 /var/www/html/zesa/framework/base/CApplication.php(185): CWebApplication->processRequest()
#2 /var/www/html/zesa/index.php(13): CApplication->run()
#3 {main}
REQUEST_URI=/zesa/index.php/gii%5C
---
2016/06/25 05:47:46 [error] [exception.CException] exception 'CException' with message 'BuyzesaController cannot find the requested view "buy".' in /var/www/html/zesa/framework/web/CController.php:878
Stack trace:
#0 /var/www/html/zesa/framework/web/CController.php(782): CController->renderPartial('buy', Array, true)
#1 /var/www/html/zesa/protected/controllers/BuyzesaController.php(28): CController->render('buy', Array)
#2 /var/www/html/zesa/framework/web/actions/CInlineAction.php(49): BuyzesaController->actionIndex()
#3 /var/www/html/zesa/framework/web/CController.php(308): CInlineAction->runWithParams(Array)
#4 /var/www/html/zesa/framework/web/CController.php(286): CController->runAction(Object(CInlineAction))
#5 /var/www/html/zesa/framework/web/CController.php(265): CController->runActionWithFilters(Object(CInlineAction), Array)
#6 /var/www/html/zesa/framework/web/CWebApplication.php(282): CController->run('')
#7 /var/www/html/zesa/framework/web/CWebApplication.php(141): CWebApplication->runController('buyzesa')
#8 /var/www/html/zesa/framework/base/CApplication.php(185): CWebApplication->processRequest()
#9 /var/www/html/zesa/index.php(13): CApplication->run()
#10 {main}
REQUEST_URI=/zesa/index.php/buyzesa/
---
